<?xml version="1.0" encoding="UTF-8"?>
<testsuite xmlns:xsi="http://www.w3.org/2001/XMLSchema-instance" xsi:noNamespaceSchemaLocation="https://maven.apache.org/surefire/maven-surefire-plugin/xsd/surefire-test-report.xsd" name="com.example.AppTest" time="0.034" tests="1" errors="0" skipped="0" failures="0">
  <properties>
    <property name="java.specification.version" value="25"/>
    <property name="sun.jnu.encoding" value="UTF-8"/>
    <property name="java.class.path" value="/home/eytan/uni-coding/CPS2004-OOP/CPS2004-OOP/java-programming/demo/target/test-classes:/home/eytan/uni-coding/CPS2004-OOP/CPS2004-OOP/java-programming/demo/target/classes:/home/eytan/.m2/repository/junit/junit/4.11/junit-4.11.jar:/home/eytan/.m2/repository/org/hamcrest/hamcrest-core/1.3/hamcrest-core-1.3.jar:"/>
    <property name="java.vm.vendor" value="Eclipse Adoptium"/>
    <property name="sun.arch.data.model" value="64"/>
    <property name="java.vendor.url" value="https://adoptium.net/"/>
    <property name="os.name" value="Linux"/>
    <property name="java.vm.specification.version" value="25"/>
    <property name="sun.java.launcher" value="SUN_STANDARD"/>
    <property name="sun.boot.library.path" value="/home/eytan/.sdkman/candidates/java/25-tem/lib"/>
    <property name="sun.java.command" value="/home/eytan/uni-coding/CPS2004-OOP/CPS2004-OOP/java-programming/demo/target/surefire/surefirebooter15819477217898249999.jar /home/eytan/uni-coding/CPS2004-OOP/CPS2004-OOP/java-programming/demo/target/surefire 2025-10-08T21-39-59_617-jvmRun1 surefire10040283410916662269tmp surefire_012116170728331091358tmp"/>
    <property name="jdk.debug" value="release"/>
    <property name="surefire.test.class.path" value="/home/eytan/uni-coding/CPS2004-OOP/CPS2004-OOP/java-programming/demo/target/test-classes:/home/eytan/uni-coding/CPS2004-OOP/CPS2004-OOP/java-programming/demo/target/classes:/home/eytan/.m2/repository/junit/junit/4.11/junit-4.11.jar:/home/eytan/.m2/repository/org/hamcrest/hamcrest-core/1.3/hamcrest-core-1.3.jar:"/>
    <property name="sun.cpu.endian" value="little"/>
    <property name="user.home" value="/home/eytan"/>
    <property name="user.language" value="en"/>
    <property name="java.specification.vendor" value="Oracle Corporation"/>
    <property name="java.version.date" value="2025-09-16"/>
    <property name="java.home" value="/home/eytan/.sdkman/candidates/java/25-tem"/>
    <property name="file.separator" value="/"/>
    <property name="basedir" value="/home/eytan/uni-coding/CPS2004-OOP/CPS2004-OOP/java-programming/demo"/>
    <property name="java.vm.compressedOopsMode" value="32-bit"/>
    <property name="line.separator" value="&#10;"/>
    <property name="java.specification.name" value="Java Platform API Specification"/>
    <property name="java.vm.specification.vendor" value="Oracle Corporation"/>
    <property name="surefire.real.class.path" value="/home/eytan/uni-coding/CPS2004-OOP/CPS2004-OOP/java-programming/demo/target/surefire/surefirebooter15819477217898249999.jar"/>
    <property name="sun.management.compiler" value="HotSpot 64-Bit Tiered Compilers"/>
    <property name="java.runtime.version" value="25+36-LTS"/>
    <property name="user.name" value="eytan"/>
    <property name="stdout.encoding" value="UTF-8"/>
    <property name="path.separator" value=":"/>
    <property name="os.version" value="6.6.87.2-microsoft-standard-WSL2"/>
    <property name="java.runtime.name" value="OpenJDK Runtime Environment"/>
    <property name="file.encoding" value="UTF-8"/>
    <property name="java.vm.name" value="OpenJDK 64-Bit Server VM"/>
    <property name="java.vendor.version" value="Temurin-25+36"/>
    <property name="localRepository" value="/home/eytan/.m2/repository"/>
    <property name="java.vendor.url.bug" value="https://github.com/adoptium/adoptium-support/issues"/>
    <property name="java.io.tmpdir" value="/tmp"/>
    <property name="java.version" value="25"/>
    <property name="user.dir" value="/home/eytan/uni-coding/CPS2004-OOP/CPS2004-OOP/java-programming/demo"/>
    <property name="os.arch" value="amd64"/>
    <property name="java.vm.specification.name" value="Java Virtual Machine Specification"/>
    <property name="native.encoding" value="UTF-8"/>
    <property name="java.library.path" value="/usr/java/packages/lib:/usr/lib64:/lib64:/lib:/usr/lib"/>
    <property name="java.vm.info" value="mixed mode, sharing"/>
    <property name="stderr.encoding" value="UTF-8"/>
    <property name="java.vendor" value="Eclipse Adoptium"/>
    <property name="java.vm.version" value="25+36-LTS"/>
    <property name="stdin.encoding" value="UTF-8"/>
    <property name="sun.io.unicode.encoding" value="UnicodeLittle"/>
    <property name="java.class.version" value="69.0"/>
  </properties>
  <testcase name="shouldAnswerWithTrue" classname="com.example.AppTest" time="0.003"/>
</testsuite>